c:\users\rrold\desktop\milestone3\point of sale system\point of sale\point of sale\x64\debug\vc143.pdb
c:\users\rrold\desktop\milestone3\point of sale system\point of sale\point of sale\x64\debug\vc143.idb
c:\users\rrold\desktop\milestone3\point of sale system\point of sale\point of sale\x64\debug\utils.obj
c:\users\rrold\desktop\milestone3\point of sale system\point of sale\point of sale\x64\debug\posio.obj
c:\users\rrold\desktop\milestone3\point of sale system\point of sale\point of sale\x64\debug\main_prof.obj
c:\users\rrold\desktop\milestone3\point of sale system\point of sale\point of sale\x64\debug\main.obj
c:\users\rrold\desktop\milestone3\point of sale system\point of sale\point of sale\x64\debug\item.obj
c:\users\rrold\desktop\milestone3\point of sale system\point of sale\point of sale\x64\debug\error.obj
c:\users\rrold\desktop\milestone3\point of sale system\point of sale\x64\debug\point of sale.pdb
c:\users\rrold\desktop\milestone3\point of sale system\point of sale\point of sale\x64\debug\point of sale.tlog\cl.command.1.tlog
c:\users\rrold\desktop\milestone3\point of sale system\point of sale\point of sale\x64\debug\point of sale.tlog\cl.read.1.tlog
c:\users\rrold\desktop\milestone3\point of sale system\point of sale\point of sale\x64\debug\point of sale.tlog\cl.write.1.tlog
c:\users\rrold\desktop\milestone3\point of sale system\point of sale\point of sale\x64\debug\point of sale.tlog\link-cvtres.read.1.tlog
c:\users\rrold\desktop\milestone3\point of sale system\point of sale\point of sale\x64\debug\point of sale.tlog\link-cvtres.write.1.tlog
c:\users\rrold\desktop\milestone3\point of sale system\point of sale\point of sale\x64\debug\point of sale.tlog\link-rc.read.1.tlog
c:\users\rrold\desktop\milestone3\point of sale system\point of sale\point of sale\x64\debug\point of sale.tlog\link-rc.write.1.tlog
c:\users\rrold\desktop\milestone3\point of sale system\point of sale\point of sale\x64\debug\point of sale.tlog\link.command.1.tlog
c:\users\rrold\desktop\milestone3\point of sale system\point of sale\point of sale\x64\debug\point of sale.tlog\link.read.1.tlog
c:\users\rrold\desktop\milestone3\point of sale system\point of sale\point of sale\x64\debug\point of sale.tlog\link.read.2.tlog
c:\users\rrold\desktop\milestone3\point of sale system\point of sale\point of sale\x64\debug\point of sale.tlog\link.write.1.tlog
